[0.137s] DEBUG:colcon:Command line arguments: ['/usr/bin/colcon', 'build', '--symlink-install']
[0.137s] DEBUG:colcon:Parsed command line arguments: Namespace(allow_overriding=[], ament_cmake_args=None, base_paths=['.'], build_base='build', catkin_cmake_args=None, catkin_skip_building_tests=False, cmake_args=None, cmake_clean_cache=False, cmake_clean_first=False, cmake_force_configure=False, cmake_target=None, cmake_target_skip_unavailable=False, continue_on_error=False, event_handlers=None, executor='parallel', ignore_user_meta=False, install_base='install', log_base=None, log_level=None, main=<bound method BuildVerb.main of <colcon_core.verb.build.BuildVerb object at 0x7faf1c814a30>>, merge_install=False, metas=['./colcon.meta'], packages_above=None, packages_above_and_dependencies=None, packages_above_depth=None, packages_end=None, packages_ignore=None, packages_ignore_regex=None, packages_select=None, packages_select_build_failed=False, packages_select_by_dep=None, packages_select_regex=None, packages_select_test_failures=False, packages_skip=None, packages_skip_build_finished=False, packages_skip_by_dep=None, packages_skip_regex=None, packages_skip_test_passed=False, packages_skip_up_to=None, packages_start=None, packages_up_to=None, packages_up_to_regex=None, parallel_workers=12, paths=None, symlink_install=True, test_result_base=None, verb_extension=<colcon_core.verb.build.BuildVerb object at 0x7faf1c814a30>, verb_name='build', verb_parser=<colcon_defaults.argument_parser.defaults.DefaultArgumentsDecorator object at 0x7faf1c8241c0>)
[0.246s] Level 1:colcon.colcon_core.package_discovery:discover_packages(colcon_meta) check parameters
[0.246s] Level 1:colcon.colcon_core.package_discovery:discover_packages(recursive) check parameters
[0.247s] Level 1:colcon.colcon_core.package_discovery:discover_packages(ignore) check parameters
[0.247s] Level 1:colcon.colcon_core.package_discovery:discover_packages(path) check parameters
[0.247s] Level 1:colcon.colcon_core.package_discovery:discover_packages(colcon_meta) discover
[0.247s] Level 1:colcon.colcon_core.package_discovery:discover_packages(recursive) discover
[0.247s] INFO:colcon.colcon_core.package_discovery:Crawling recursively for packages in '/home/leonard/peak_cam_docker_container/PoseTranspose'
[0.247s] Level 1:colcon.colcon_core.package_identification:_identify(.) by extensions ['ignore', 'ignore_ament_install']
[0.247s] Level 1:colcon.colcon_core.package_identification:_identify(.) by extension 'ignore'
[0.247s] Level 1:colcon.colcon_core.package_identification:_identify(.) by extension 'ignore_ament_install'
[0.247s] Level 1:colcon.colcon_core.package_identification:_identify(.) by extensions ['colcon_pkg']
[0.247s] Level 1:colcon.colcon_core.package_identification:_identify(.) by extension 'colcon_pkg'
[0.247s] Level 1:colcon.colcon_core.package_identification:_identify(.) by extensions ['colcon_meta']
[0.247s] Level 1:colcon.colcon_core.package_identification:_identify(.) by extension 'colcon_meta'
[0.247s] Level 1:colcon.colcon_core.package_identification:_identify(.) by extensions ['ros']
[0.247s] Level 1:colcon.colcon_core.package_identification:_identify(.) by extension 'ros'
[0.257s] DEBUG:colcon.colcon_core.package_identification:Package '.' with type 'ros.ament_python' and name 'PoseTranspose'
[0.257s] Level 1:colcon.colcon_core.package_discovery:discover_packages(recursive) using defaults
[0.257s] Level 1:colcon.colcon_core.package_discovery:discover_packages(ignore) discover
[0.257s] Level 1:colcon.colcon_core.package_discovery:discover_packages(ignore) using defaults
[0.257s] Level 1:colcon.colcon_core.package_discovery:discover_packages(path) discover
[0.257s] Level 1:colcon.colcon_core.package_discovery:discover_packages(path) using defaults
[0.271s] Level 1:colcon.colcon_core.package_discovery:discover_packages(prefix_path) check parameters
[0.271s] Level 1:colcon.colcon_core.package_discovery:discover_packages(prefix_path) discover
[0.272s] DEBUG:colcon.colcon_installed_package_information.package_discovery:Found 1 installed packages in /home/leonard/peak_cam_docker_container/PoseTranspose/install
[0.272s] DEBUG:colcon.colcon_installed_package_information.package_discovery:Found 1 installed packages in /home/leonard/peak_cam_docker_container/install
[0.274s] DEBUG:colcon.colcon_installed_package_information.package_discovery:Found 259 installed packages in /opt/ros/foxy
[0.275s] Level 1:colcon.colcon_core.package_discovery:discover_packages(prefix_path) using defaults
[0.317s] Level 5:colcon.colcon_core.verb:set package 'PoseTranspose' build argument 'cmake_args' from command line to 'None'
[0.317s] Level 5:colcon.colcon_core.verb:set package 'PoseTranspose' build argument 'cmake_target' from command line to 'None'
[0.317s] Level 5:colcon.colcon_core.verb:set package 'PoseTranspose' build argument 'cmake_target_skip_unavailable' from command line to 'False'
[0.317s] Level 5:colcon.colcon_core.verb:set package 'PoseTranspose' build argument 'cmake_clean_cache' from command line to 'False'
[0.317s] Level 5:colcon.colcon_core.verb:set package 'PoseTranspose' build argument 'cmake_clean_first' from command line to 'False'
[0.317s] Level 5:colcon.colcon_core.verb:set package 'PoseTranspose' build argument 'cmake_force_configure' from command line to 'False'
[0.317s] Level 5:colcon.colcon_core.verb:set package 'PoseTranspose' build argument 'ament_cmake_args' from command line to 'None'
[0.317s] Level 5:colcon.colcon_core.verb:set package 'PoseTranspose' build argument 'catkin_cmake_args' from command line to 'None'
[0.317s] Level 5:colcon.colcon_core.verb:set package 'PoseTranspose' build argument 'catkin_skip_building_tests' from command line to 'False'
[0.317s] DEBUG:colcon.colcon_core.verb:Building package 'PoseTranspose' with the following arguments: {'ament_cmake_args': None, 'build_base': '/home/leonard/peak_cam_docker_container/PoseTranspose/build/PoseTranspose', 'catkin_cmake_args': None, 'catkin_skip_building_tests': False, 'cmake_args': None, 'cmake_clean_cache': False, 'cmake_clean_first': False, 'cmake_force_configure': False, 'cmake_target': None, 'cmake_target_skip_unavailable': False, 'install_base': '/home/leonard/peak_cam_docker_container/PoseTranspose/install/PoseTranspose', 'merge_install': False, 'path': '/home/leonard/peak_cam_docker_container/PoseTranspose', 'symlink_install': True, 'test_result_base': None}
[0.318s] INFO:colcon.colcon_core.executor:Executing jobs using 'parallel' executor
[0.318s] DEBUG:colcon.colcon_parallel_executor.executor.parallel:run_until_complete
[0.319s] INFO:colcon.colcon_ros.task.ament_python.build:Building ROS package in '/home/leonard/peak_cam_docker_container/PoseTranspose' with build type 'ament_python'
[0.319s] Level 1:colcon.colcon_core.shell:create_environment_hook('PoseTranspose', 'ament_prefix_path')
[0.320s] INFO:colcon.colcon_core.plugin_system:Skipping extension 'colcon_core.shell.bat': Not used on non-Windows systems
[0.320s] INFO:colcon.colcon_core.shell:Creating environment hook '/home/leonard/peak_cam_docker_container/PoseTranspose/install/PoseTranspose/share/PoseTranspose/hook/ament_prefix_path.ps1'
[0.321s] INFO:colcon.colcon_core.shell:Creating environment descriptor '/home/leonard/peak_cam_docker_container/PoseTranspose/install/PoseTranspose/share/PoseTranspose/hook/ament_prefix_path.dsv'
[0.321s] INFO:colcon.colcon_core.shell:Creating environment hook '/home/leonard/peak_cam_docker_container/PoseTranspose/install/PoseTranspose/share/PoseTranspose/hook/ament_prefix_path.sh'
[0.322s] INFO:colcon.colcon_core.shell:Skip shell extension 'powershell' for command environment: Not usable outside of PowerShell
[0.322s] DEBUG:colcon.colcon_core.shell:Skip shell extension 'dsv' for command environment
[0.500s] INFO:colcon.colcon_core.task.python.build:Building Python package in '/home/leonard/peak_cam_docker_container/PoseTranspose'
[0.500s] INFO:colcon.colcon_core.shell:Skip shell extension 'powershell' for command environment: Not usable outside of PowerShell
[0.500s] DEBUG:colcon.colcon_core.shell:Skip shell extension 'dsv' for command environment
[0.833s] DEBUG:colcon.colcon_core.task.python.build:While undoing a previous installation files outside the Python library path are being ignored: /home/leonard/peak_cam_docker_container/PoseTranspose/install/PoseTranspose/share/ament_index/resource_index/packages/PoseTranspose
[0.833s] DEBUG:colcon.colcon_core.task.python.build:While undoing a previous installation files outside the Python library path are being ignored: /home/leonard/peak_cam_docker_container/PoseTranspose/install/PoseTranspose/share/PoseTranspose/package.xml
[0.834s] DEBUG:colcon.colcon_core.task.python.build:While undoing a previous installation files outside the Python library path are being ignored: /home/leonard/peak_cam_docker_container/PoseTranspose/install/PoseTranspose/lib/PoseTranspose/PoseTransposeNode
[0.837s] DEBUG:colcon.colcon_core.event_handler.log_command:Invoking command in '/home/leonard/peak_cam_docker_container/PoseTranspose/build/PoseTranspose': CONDA_PROMPT_MODIFIER=(base) PYTHONPATH=/home/leonard/peak_cam_docker_container/PoseTranspose/build/PoseTranspose/prefix_override:/usr/lib/python3/dist-packages/colcon_core/task/python/colcon_distutils_commands:/home/leonard/peak_cam_docker_container/PoseTranspose/install/PoseTranspose/lib/python3.8/site-packages:${PYTHONPATH} /usr/bin/python3 -W ignore:setup.py install is deprecated setup.py develop --editable --build-directory /home/leonard/peak_cam_docker_container/PoseTranspose/build/PoseTranspose/build --no-deps symlink_data --force
[1.203s] Level 1:colcon.colcon_core.shell:create_environment_hook('PoseTranspose', 'pythonpath_develop')
[1.203s] INFO:colcon.colcon_core.shell:Creating environment hook '/home/leonard/peak_cam_docker_container/PoseTranspose/build/PoseTranspose/share/PoseTranspose/hook/pythonpath_develop.ps1'
[1.205s] DEBUG:colcon.colcon_core.event_handler.log_command:Invoked command in '/home/leonard/peak_cam_docker_container/PoseTranspose/build/PoseTranspose' returned '0': CONDA_PROMPT_MODIFIER=(base) PYTHONPATH=/home/leonard/peak_cam_docker_container/PoseTranspose/build/PoseTranspose/prefix_override:/usr/lib/python3/dist-packages/colcon_core/task/python/colcon_distutils_commands:/home/leonard/peak_cam_docker_container/PoseTranspose/install/PoseTranspose/lib/python3.8/site-packages:${PYTHONPATH} /usr/bin/python3 -W ignore:setup.py install is deprecated setup.py develop --editable --build-directory /home/leonard/peak_cam_docker_container/PoseTranspose/build/PoseTranspose/build --no-deps symlink_data --force
[1.206s] INFO:colcon.colcon_core.shell:Creating environment descriptor '/home/leonard/peak_cam_docker_container/PoseTranspose/build/PoseTranspose/share/PoseTranspose/hook/pythonpath_develop.dsv'
[1.206s] INFO:colcon.colcon_core.shell:Creating environment hook '/home/leonard/peak_cam_docker_container/PoseTranspose/build/PoseTranspose/share/PoseTranspose/hook/pythonpath_develop.sh'
[1.212s] Level 1:colcon.colcon_core.environment:checking '/home/leonard/peak_cam_docker_container/PoseTranspose/install/PoseTranspose' for CMake module files
[1.213s] Level 1:colcon.colcon_core.environment:checking '/home/leonard/peak_cam_docker_container/PoseTranspose/install/PoseTranspose' for CMake config files
[1.215s] Level 1:colcon.colcon_core.environment:checking '/home/leonard/peak_cam_docker_container/PoseTranspose/install/PoseTranspose/lib'
[1.215s] Level 1:colcon.colcon_core.environment:checking '/home/leonard/peak_cam_docker_container/PoseTranspose/install/PoseTranspose/bin'
[1.215s] Level 1:colcon.colcon_core.environment:checking '/home/leonard/peak_cam_docker_container/PoseTranspose/install/PoseTranspose/lib/pkgconfig/PoseTranspose.pc'
[1.215s] Level 1:colcon.colcon_core.environment:checking '/home/leonard/peak_cam_docker_container/PoseTranspose/install/PoseTranspose/lib/python3.8/site-packages'
[1.215s] Level 1:colcon.colcon_core.shell:create_environment_hook('PoseTranspose', 'pythonpath')
[1.215s] INFO:colcon.colcon_core.shell:Creating environment hook '/home/leonard/peak_cam_docker_container/PoseTranspose/install/PoseTranspose/share/PoseTranspose/hook/pythonpath.ps1'
[1.216s] INFO:colcon.colcon_core.shell:Creating environment descriptor '/home/leonard/peak_cam_docker_container/PoseTranspose/install/PoseTranspose/share/PoseTranspose/hook/pythonpath.dsv'
[1.216s] INFO:colcon.colcon_core.shell:Creating environment hook '/home/leonard/peak_cam_docker_container/PoseTranspose/install/PoseTranspose/share/PoseTranspose/hook/pythonpath.sh'
[1.216s] Level 1:colcon.colcon_core.environment:checking '/home/leonard/peak_cam_docker_container/PoseTranspose/install/PoseTranspose/bin'
[1.216s] Level 1:colcon.colcon_core.environment:create_environment_scripts_only(PoseTranspose)
[1.217s] INFO:colcon.colcon_core.shell:Creating package script '/home/leonard/peak_cam_docker_container/PoseTranspose/install/PoseTranspose/share/PoseTranspose/package.ps1'
[1.217s] INFO:colcon.colcon_core.shell:Creating package descriptor '/home/leonard/peak_cam_docker_container/PoseTranspose/install/PoseTranspose/share/PoseTranspose/package.dsv'
[1.218s] INFO:colcon.colcon_core.shell:Creating package script '/home/leonard/peak_cam_docker_container/PoseTranspose/install/PoseTranspose/share/PoseTranspose/package.sh'
[1.218s] INFO:colcon.colcon_core.shell:Creating package script '/home/leonard/peak_cam_docker_container/PoseTranspose/install/PoseTranspose/share/PoseTranspose/package.bash'
[1.219s] INFO:colcon.colcon_core.shell:Creating package script '/home/leonard/peak_cam_docker_container/PoseTranspose/install/PoseTranspose/share/PoseTranspose/package.zsh'
[1.220s] Level 1:colcon.colcon_core.environment:create_file_with_runtime_dependencies(/home/leonard/peak_cam_docker_container/PoseTranspose/install/PoseTranspose/share/colcon-core/packages/PoseTranspose)
[1.220s] DEBUG:colcon.colcon_parallel_executor.executor.parallel:closing loop
[1.220s] DEBUG:colcon.colcon_parallel_executor.executor.parallel:loop closed
[1.220s] DEBUG:colcon.colcon_parallel_executor.executor.parallel:run_until_complete finished with '0'
[1.220s] DEBUG:colcon.colcon_core.event_reactor:joining thread
[1.242s] INFO:colcon.colcon_core.plugin_system:Skipping extension 'colcon_notification.desktop_notification.terminal_notifier': Not used on non-Darwin systems
[1.242s] INFO:colcon.colcon_core.plugin_system:Skipping extension 'colcon_notification.desktop_notification.win32': Not used on non-Windows systems
[1.242s] INFO:colcon.colcon_notification.desktop_notification:Sending desktop notification using 'notify2'
[1.263s] DEBUG:colcon.colcon_core.event_reactor:joined thread
[1.263s] INFO:colcon.colcon_core.shell:Creating prefix script '/home/leonard/peak_cam_docker_container/PoseTranspose/install/local_setup.ps1'
[1.264s] INFO:colcon.colcon_core.shell:Creating prefix util module '/home/leonard/peak_cam_docker_container/PoseTranspose/install/_local_setup_util_ps1.py'
[1.265s] INFO:colcon.colcon_core.shell:Creating prefix chain script '/home/leonard/peak_cam_docker_container/PoseTranspose/install/setup.ps1'
[1.267s] INFO:colcon.colcon_core.shell:Creating prefix script '/home/leonard/peak_cam_docker_container/PoseTranspose/install/local_setup.sh'
[1.267s] INFO:colcon.colcon_core.shell:Creating prefix util module '/home/leonard/peak_cam_docker_container/PoseTranspose/install/_local_setup_util_sh.py'
[1.268s] INFO:colcon.colcon_core.shell:Creating prefix chain script '/home/leonard/peak_cam_docker_container/PoseTranspose/install/setup.sh'
[1.270s] INFO:colcon.colcon_core.shell:Creating prefix script '/home/leonard/peak_cam_docker_container/PoseTranspose/install/local_setup.bash'
[1.271s] INFO:colcon.colcon_core.shell:Creating prefix chain script '/home/leonard/peak_cam_docker_container/PoseTranspose/install/setup.bash'
[1.273s] INFO:colcon.colcon_core.shell:Creating prefix script '/home/leonard/peak_cam_docker_container/PoseTranspose/install/local_setup.zsh'
[1.274s] INFO:colcon.colcon_core.shell:Creating prefix chain script '/home/leonard/peak_cam_docker_container/PoseTranspose/install/setup.zsh'
