[0.496s] Invoking command in '/home/leonard/peak_cam_docker_container/PoseTranspose': CONDA_PROMPT_MODIFIER=(base) PYTHONPATH=/home/leonard/peak_cam_docker_container/PoseTranspose/build/PoseTranspose/prefix_override:/usr/lib/python3/dist-packages/colcon_core/task/python/colcon_distutils_commands:/home/leonard/peak_cam_docker_container/PoseTranspose/install/PoseTranspose/lib/python3.8/site-packages:${PYTHONPATH} /usr/bin/python3 -W ignore:setup.py install is deprecated setup.py egg_info --egg-base build/PoseTranspose build --build-base /home/leonard/peak_cam_docker_container/PoseTranspose/build/PoseTranspose/build install --record /home/leonard/peak_cam_docker_container/PoseTranspose/build/PoseTranspose/install.log --install-scripts $base/lib/PoseTranspose --single-version-externally-managed install_data
[0.657s] running egg_info
[0.657s] writing build/PoseTranspose/PoseTranspose.egg-info/PKG-INFO
[0.657s] writing dependency_links to build/PoseTranspose/PoseTranspose.egg-info/dependency_links.txt
[0.657s] writing entry points to build/PoseTranspose/PoseTranspose.egg-info/entry_points.txt
[0.657s] writing requirements to build/PoseTranspose/PoseTranspose.egg-info/requires.txt
[0.657s] writing top-level names to build/PoseTranspose/PoseTranspose.egg-info/top_level.txt
[0.680s] reading manifest file 'build/PoseTranspose/PoseTranspose.egg-info/SOURCES.txt'
[0.681s] writing manifest file 'build/PoseTranspose/PoseTranspose.egg-info/SOURCES.txt'
[0.681s] running build
[0.681s] running build_py
[0.681s] copying PoseTranspose/PoseTransposeNode.py -> /home/leonard/peak_cam_docker_container/PoseTranspose/build/PoseTranspose/build/lib/PoseTranspose
[0.682s] running install
[0.682s] running install_lib
[0.683s] copying /home/leonard/peak_cam_docker_container/PoseTranspose/build/PoseTranspose/build/lib/PoseTranspose/PoseTransposeNode.py -> /home/leonard/peak_cam_docker_container/PoseTranspose/install/PoseTranspose/lib/python3.8/site-packages/PoseTranspose
[0.683s] byte-compiling /home/leonard/peak_cam_docker_container/PoseTranspose/install/PoseTranspose/lib/python3.8/site-packages/PoseTranspose/PoseTransposeNode.py to PoseTransposeNode.cpython-38.pyc
[0.684s] running install_data
[0.685s] running install_egg_info
[0.686s] removing '/home/leonard/peak_cam_docker_container/PoseTranspose/install/PoseTranspose/lib/python3.8/site-packages/PoseTranspose-0.0.0-py3.8.egg-info' (and everything under it)
[0.686s] Copying build/PoseTranspose/PoseTranspose.egg-info to /home/leonard/peak_cam_docker_container/PoseTranspose/install/PoseTranspose/lib/python3.8/site-packages/PoseTranspose-0.0.0-py3.8.egg-info
[0.687s] running install_scripts
[0.699s] Installing PoseTransposeNode script to /home/leonard/peak_cam_docker_container/PoseTranspose/install/PoseTranspose/lib/PoseTranspose
[0.699s] writing list of installed files to '/home/leonard/peak_cam_docker_container/PoseTranspose/build/PoseTranspose/install.log'
[0.722s] Invoked command in '/home/leonard/peak_cam_docker_container/PoseTranspose' returned '0': CONDA_PROMPT_MODIFIER=(base) PYTHONPATH=/home/leonard/peak_cam_docker_container/PoseTranspose/build/PoseTranspose/prefix_override:/usr/lib/python3/dist-packages/colcon_core/task/python/colcon_distutils_commands:/home/leonard/peak_cam_docker_container/PoseTranspose/install/PoseTranspose/lib/python3.8/site-packages:${PYTHONPATH} /usr/bin/python3 -W ignore:setup.py install is deprecated setup.py egg_info --egg-base build/PoseTranspose build --build-base /home/leonard/peak_cam_docker_container/PoseTranspose/build/PoseTranspose/build install --record /home/leonard/peak_cam_docker_container/PoseTranspose/build/PoseTranspose/install.log --install-scripts $base/lib/PoseTranspose --single-version-externally-managed install_data
