[0.140s] DEBUG:colcon:Command line arguments: ['/usr/bin/colcon', 'build']
[0.140s] DEBUG:colcon:Parsed command line arguments: Namespace(allow_overriding=[], ament_cmake_args=None, base_paths=['.'], build_base='build', catkin_cmake_args=None, catkin_skip_building_tests=False, cmake_args=None, cmake_clean_cache=False, cmake_clean_first=False, cmake_force_configure=False, cmake_target=None, cmake_target_skip_unavailable=False, continue_on_error=False, event_handlers=None, executor='parallel', ignore_user_meta=False, install_base='install', log_base=None, log_level=None, main=<bound method BuildVerb.main of <colcon_core.verb.build.BuildVerb object at 0x7f955388ea30>>, merge_install=False, metas=['./colcon.meta'], packages_above=None, packages_above_and_dependencies=None, packages_above_depth=None, packages_end=None, packages_ignore=None, packages_ignore_regex=None, packages_select=None, packages_select_build_failed=False, packages_select_by_dep=None, packages_select_regex=None, packages_select_test_failures=False, packages_skip=None, packages_skip_build_finished=False, packages_skip_by_dep=None, packages_skip_regex=None, packages_skip_test_passed=False, packages_skip_up_to=None, packages_start=None, packages_up_to=None, packages_up_to_regex=None, parallel_workers=12, paths=None, symlink_install=False, test_result_base=None, verb_extension=<colcon_core.verb.build.BuildVerb object at 0x7f955388ea30>, verb_name='build', verb_parser=<colcon_defaults.argument_parser.defaults.DefaultArgumentsDecorator object at 0x7f955389e1c0>)
[0.246s] Level 1:colcon.colcon_core.package_discovery:discover_packages(colcon_meta) check parameters
[0.246s] Level 1:colcon.colcon_core.package_discovery:discover_packages(recursive) check parameters
[0.246s] Level 1:colcon.colcon_core.package_discovery:discover_packages(ignore) check parameters
[0.246s] Level 1:colcon.colcon_core.package_discovery:discover_packages(path) check parameters
[0.246s] Level 1:colcon.colcon_core.package_discovery:discover_packages(colcon_meta) discover
[0.246s] Level 1:colcon.colcon_core.package_discovery:discover_packages(recursive) discover
[0.246s] INFO:colcon.colcon_core.package_discovery:Crawling recursively for packages in '/home/leonard/peak_cam_docker_container/PoseTranspose'
[0.246s] Level 1:colcon.colcon_core.package_identification:_identify(.) by extensions ['ignore', 'ignore_ament_install']
[0.246s] Level 1:colcon.colcon_core.package_identification:_identify(.) by extension 'ignore'
[0.246s] Level 1:colcon.colcon_core.package_identification:_identify(.) by extension 'ignore_ament_install'
[0.246s] Level 1:colcon.colcon_core.package_identification:_identify(.) by extensions ['colcon_pkg']
[0.246s] Level 1:colcon.colcon_core.package_identification:_identify(.) by extension 'colcon_pkg'
[0.246s] Level 1:colcon.colcon_core.package_identification:_identify(.) by extensions ['colcon_meta']
[0.246s] Level 1:colcon.colcon_core.package_identification:_identify(.) by extension 'colcon_meta'
[0.246s] Level 1:colcon.colcon_core.package_identification:_identify(.) by extensions ['ros']
[0.247s] Level 1:colcon.colcon_core.package_identification:_identify(.) by extension 'ros'
[0.256s] DEBUG:colcon.colcon_core.package_identification:Package '.' with type 'ros.ament_python' and name 'PoseTranspose'
[0.256s] Level 1:colcon.colcon_core.package_discovery:discover_packages(recursive) using defaults
[0.256s] Level 1:colcon.colcon_core.package_discovery:discover_packages(ignore) discover
[0.256s] Level 1:colcon.colcon_core.package_discovery:discover_packages(ignore) using defaults
[0.256s] Level 1:colcon.colcon_core.package_discovery:discover_packages(path) discover
[0.256s] Level 1:colcon.colcon_core.package_discovery:discover_packages(path) using defaults
[0.271s] Level 1:colcon.colcon_core.package_discovery:discover_packages(prefix_path) check parameters
[0.271s] Level 1:colcon.colcon_core.package_discovery:discover_packages(prefix_path) discover
[0.273s] DEBUG:colcon.colcon_installed_package_information.package_discovery:Found 1 installed packages in /home/leonard/peak_cam_docker_container/PoseTranspose/install
[0.273s] DEBUG:colcon.colcon_installed_package_information.package_discovery:Found 1 installed packages in /home/leonard/peak_cam_docker_container/install
[0.274s] DEBUG:colcon.colcon_installed_package_information.package_discovery:Found 258 installed packages in /opt/ros/foxy
[0.275s] Level 1:colcon.colcon_core.package_discovery:discover_packages(prefix_path) using defaults
[0.320s] Level 5:colcon.colcon_core.verb:set package 'PoseTranspose' build argument 'cmake_args' from command line to 'None'
[0.320s] Level 5:colcon.colcon_core.verb:set package 'PoseTranspose' build argument 'cmake_target' from command line to 'None'
[0.320s] Level 5:colcon.colcon_core.verb:set package 'PoseTranspose' build argument 'cmake_target_skip_unavailable' from command line to 'False'
[0.320s] Level 5:colcon.colcon_core.verb:set package 'PoseTranspose' build argument 'cmake_clean_cache' from command line to 'False'
[0.320s] Level 5:colcon.colcon_core.verb:set package 'PoseTranspose' build argument 'cmake_clean_first' from command line to 'False'
[0.321s] Level 5:colcon.colcon_core.verb:set package 'PoseTranspose' build argument 'cmake_force_configure' from command line to 'False'
[0.321s] Level 5:colcon.colcon_core.verb:set package 'PoseTranspose' build argument 'ament_cmake_args' from command line to 'None'
[0.321s] Level 5:colcon.colcon_core.verb:set package 'PoseTranspose' build argument 'catkin_cmake_args' from command line to 'None'
[0.321s] Level 5:colcon.colcon_core.verb:set package 'PoseTranspose' build argument 'catkin_skip_building_tests' from command line to 'False'
[0.321s] DEBUG:colcon.colcon_core.verb:Building package 'PoseTranspose' with the following arguments: {'ament_cmake_args': None, 'build_base': '/home/leonard/peak_cam_docker_container/PoseTranspose/build/PoseTranspose', 'catkin_cmake_args': None, 'catkin_skip_building_tests': False, 'cmake_args': None, 'cmake_clean_cache': False, 'cmake_clean_first': False, 'cmake_force_configure': False, 'cmake_target': None, 'cmake_target_skip_unavailable': False, 'install_base': '/home/leonard/peak_cam_docker_container/PoseTranspose/install/PoseTranspose', 'merge_install': False, 'path': '/home/leonard/peak_cam_docker_container/PoseTranspose', 'symlink_install': False, 'test_result_base': None}
[0.321s] INFO:colcon.colcon_core.executor:Executing jobs using 'parallel' executor
[0.322s] DEBUG:colcon.colcon_parallel_executor.executor.parallel:run_until_complete
[0.322s] INFO:colcon.colcon_ros.task.ament_python.build:Building ROS package in '/home/leonard/peak_cam_docker_container/PoseTranspose' with build type 'ament_python'
[0.322s] Level 1:colcon.colcon_core.shell:create_environment_hook('PoseTranspose', 'ament_prefix_path')
[0.323s] INFO:colcon.colcon_core.plugin_system:Skipping extension 'colcon_core.shell.bat': Not used on non-Windows systems
[0.323s] INFO:colcon.colcon_core.shell:Creating environment hook '/home/leonard/peak_cam_docker_container/PoseTranspose/install/PoseTranspose/share/PoseTranspose/hook/ament_prefix_path.ps1'
[0.327s] INFO:colcon.colcon_core.shell:Creating environment descriptor '/home/leonard/peak_cam_docker_container/PoseTranspose/install/PoseTranspose/share/PoseTranspose/hook/ament_prefix_path.dsv'
[0.328s] INFO:colcon.colcon_core.shell:Creating environment hook '/home/leonard/peak_cam_docker_container/PoseTranspose/install/PoseTranspose/share/PoseTranspose/hook/ament_prefix_path.sh'
[0.328s] INFO:colcon.colcon_core.shell:Skip shell extension 'powershell' for command environment: Not usable outside of PowerShell
[0.328s] DEBUG:colcon.colcon_core.shell:Skip shell extension 'dsv' for command environment
[0.514s] INFO:colcon.colcon_core.task.python.build:Building Python package in '/home/leonard/peak_cam_docker_container/PoseTranspose'
[0.514s] INFO:colcon.colcon_core.shell:Skip shell extension 'powershell' for command environment: Not usable outside of PowerShell
[0.515s] DEBUG:colcon.colcon_core.shell:Skip shell extension 'dsv' for command environment
[0.822s] DEBUG:colcon.colcon_core.event_handler.log_command:Invoking command in '/home/leonard/peak_cam_docker_container/PoseTranspose': CONDA_PROMPT_MODIFIER=(base) PYTHONPATH=/home/leonard/peak_cam_docker_container/PoseTranspose/build/PoseTranspose/prefix_override:/usr/lib/python3/dist-packages/colcon_core/task/python/colcon_distutils_commands:/home/leonard/peak_cam_docker_container/PoseTranspose/install/PoseTranspose/lib/python3.8/site-packages:${PYTHONPATH} /usr/bin/python3 -W ignore:setup.py install is deprecated setup.py egg_info --egg-base build/PoseTranspose build --build-base /home/leonard/peak_cam_docker_container/PoseTranspose/build/PoseTranspose/build install --record /home/leonard/peak_cam_docker_container/PoseTranspose/build/PoseTranspose/install.log --install-scripts $base/lib/PoseTranspose --single-version-externally-managed install_data
[1.048s] DEBUG:colcon.colcon_core.event_handler.log_command:Invoked command in '/home/leonard/peak_cam_docker_container/PoseTranspose' returned '0': CONDA_PROMPT_MODIFIER=(base) PYTHONPATH=/home/leonard/peak_cam_docker_container/PoseTranspose/build/PoseTranspose/prefix_override:/usr/lib/python3/dist-packages/colcon_core/task/python/colcon_distutils_commands:/home/leonard/peak_cam_docker_container/PoseTranspose/install/PoseTranspose/lib/python3.8/site-packages:${PYTHONPATH} /usr/bin/python3 -W ignore:setup.py install is deprecated setup.py egg_info --egg-base build/PoseTranspose build --build-base /home/leonard/peak_cam_docker_container/PoseTranspose/build/PoseTranspose/build install --record /home/leonard/peak_cam_docker_container/PoseTranspose/build/PoseTranspose/install.log --install-scripts $base/lib/PoseTranspose --single-version-externally-managed install_data
[1.053s] Level 1:colcon.colcon_core.environment:checking '/home/leonard/peak_cam_docker_container/PoseTranspose/install/PoseTranspose' for CMake module files
[1.054s] Level 1:colcon.colcon_core.environment:checking '/home/leonard/peak_cam_docker_container/PoseTranspose/install/PoseTranspose' for CMake config files
[1.055s] Level 1:colcon.colcon_core.environment:checking '/home/leonard/peak_cam_docker_container/PoseTranspose/install/PoseTranspose/lib'
[1.056s] Level 1:colcon.colcon_core.environment:checking '/home/leonard/peak_cam_docker_container/PoseTranspose/install/PoseTranspose/bin'
[1.056s] Level 1:colcon.colcon_core.environment:checking '/home/leonard/peak_cam_docker_container/PoseTranspose/install/PoseTranspose/lib/pkgconfig/PoseTranspose.pc'
[1.056s] Level 1:colcon.colcon_core.environment:checking '/home/leonard/peak_cam_docker_container/PoseTranspose/install/PoseTranspose/lib/python3.8/site-packages'
[1.056s] Level 1:colcon.colcon_core.shell:create_environment_hook('PoseTranspose', 'pythonpath')
[1.057s] INFO:colcon.colcon_core.shell:Creating environment hook '/home/leonard/peak_cam_docker_container/PoseTranspose/install/PoseTranspose/share/PoseTranspose/hook/pythonpath.ps1'
[1.058s] INFO:colcon.colcon_core.shell:Creating environment descriptor '/home/leonard/peak_cam_docker_container/PoseTranspose/install/PoseTranspose/share/PoseTranspose/hook/pythonpath.dsv'
[1.058s] INFO:colcon.colcon_core.shell:Creating environment hook '/home/leonard/peak_cam_docker_container/PoseTranspose/install/PoseTranspose/share/PoseTranspose/hook/pythonpath.sh'
[1.059s] Level 1:colcon.colcon_core.environment:checking '/home/leonard/peak_cam_docker_container/PoseTranspose/install/PoseTranspose/bin'
[1.059s] Level 1:colcon.colcon_core.environment:create_environment_scripts_only(PoseTranspose)
[1.060s] INFO:colcon.colcon_core.shell:Creating package script '/home/leonard/peak_cam_docker_container/PoseTranspose/install/PoseTranspose/share/PoseTranspose/package.ps1'
[1.061s] INFO:colcon.colcon_core.shell:Creating package descriptor '/home/leonard/peak_cam_docker_container/PoseTranspose/install/PoseTranspose/share/PoseTranspose/package.dsv'
[1.061s] INFO:colcon.colcon_core.shell:Creating package script '/home/leonard/peak_cam_docker_container/PoseTranspose/install/PoseTranspose/share/PoseTranspose/package.sh'
[1.062s] INFO:colcon.colcon_core.shell:Creating package script '/home/leonard/peak_cam_docker_container/PoseTranspose/install/PoseTranspose/share/PoseTranspose/package.bash'
[1.062s] INFO:colcon.colcon_core.shell:Creating package script '/home/leonard/peak_cam_docker_container/PoseTranspose/install/PoseTranspose/share/PoseTranspose/package.zsh'
[1.063s] Level 1:colcon.colcon_core.environment:create_file_with_runtime_dependencies(/home/leonard/peak_cam_docker_container/PoseTranspose/install/PoseTranspose/share/colcon-core/packages/PoseTranspose)
[1.063s] DEBUG:colcon.colcon_parallel_executor.executor.parallel:closing loop
[1.063s] DEBUG:colcon.colcon_parallel_executor.executor.parallel:loop closed
[1.063s] DEBUG:colcon.colcon_parallel_executor.executor.parallel:run_until_complete finished with '0'
[1.064s] DEBUG:colcon.colcon_core.event_reactor:joining thread
[1.085s] INFO:colcon.colcon_core.plugin_system:Skipping extension 'colcon_notification.desktop_notification.terminal_notifier': Not used on non-Darwin systems
[1.085s] INFO:colcon.colcon_core.plugin_system:Skipping extension 'colcon_notification.desktop_notification.win32': Not used on non-Windows systems
[1.085s] INFO:colcon.colcon_notification.desktop_notification:Sending desktop notification using 'notify2'
[1.100s] DEBUG:colcon.colcon_core.event_reactor:joined thread
[1.101s] INFO:colcon.colcon_core.shell:Creating prefix script '/home/leonard/peak_cam_docker_container/PoseTranspose/install/local_setup.ps1'
[1.102s] INFO:colcon.colcon_core.shell:Creating prefix util module '/home/leonard/peak_cam_docker_container/PoseTranspose/install/_local_setup_util_ps1.py'
[1.104s] INFO:colcon.colcon_core.shell:Creating prefix chain script '/home/leonard/peak_cam_docker_container/PoseTranspose/install/setup.ps1'
[1.105s] INFO:colcon.colcon_core.shell:Creating prefix script '/home/leonard/peak_cam_docker_container/PoseTranspose/install/local_setup.sh'
[1.106s] INFO:colcon.colcon_core.shell:Creating prefix util module '/home/leonard/peak_cam_docker_container/PoseTranspose/install/_local_setup_util_sh.py'
[1.106s] INFO:colcon.colcon_core.shell:Creating prefix chain script '/home/leonard/peak_cam_docker_container/PoseTranspose/install/setup.sh'
[1.107s] INFO:colcon.colcon_core.shell:Creating prefix script '/home/leonard/peak_cam_docker_container/PoseTranspose/install/local_setup.bash'
[1.107s] INFO:colcon.colcon_core.shell:Creating prefix chain script '/home/leonard/peak_cam_docker_container/PoseTranspose/install/setup.bash'
[1.109s] INFO:colcon.colcon_core.shell:Creating prefix script '/home/leonard/peak_cam_docker_container/PoseTranspose/install/local_setup.zsh'
[1.110s] INFO:colcon.colcon_core.shell:Creating prefix chain script '/home/leonard/peak_cam_docker_container/PoseTranspose/install/setup.zsh'
