running egg_info
creating build/PoseTranspose/PoseTranspose.egg-info
writing build/PoseTranspose/PoseTranspose.egg-info/PKG-INFO
writing dependency_links to build/PoseTranspose/PoseTranspose.egg-info/dependency_links.txt
writing entry points to build/PoseTranspose/PoseTranspose.egg-info/entry_points.txt
writing requirements to build/PoseTranspose/PoseTranspose.egg-info/requires.txt
writing top-level names to build/PoseTranspose/PoseTranspose.egg-info/top_level.txt
writing manifest file 'build/PoseTranspose/PoseTranspose.egg-info/SOURCES.txt'
reading manifest file 'build/PoseTranspose/PoseTranspose.egg-info/SOURCES.txt'
writing manifest file 'build/PoseTranspose/PoseTranspose.egg-info/SOURCES.txt'
running build
running build_py
creating /home/leonard/peak_cam_docker_container/PoseTranspose/build/PoseTranspose/build
creating /home/leonard/peak_cam_docker_container/PoseTranspose/build/PoseTranspose/build/lib
creating /home/leonard/peak_cam_docker_container/PoseTranspose/build/PoseTranspose/build/lib/PoseTranspose
copying PoseTranspose/PoseTransposeNode.py -> /home/leonard/peak_cam_docker_container/PoseTranspose/build/PoseTranspose/build/lib/PoseTranspose
copying PoseTranspose/__init__.py -> /home/leonard/peak_cam_docker_container/PoseTranspose/build/PoseTranspose/build/lib/PoseTranspose
running install
running install_lib
creating /home/leonard/peak_cam_docker_container/PoseTranspose/install/PoseTranspose/lib/python3.8/site-packages/PoseTranspose
copying /home/leonard/peak_cam_docker_container/PoseTranspose/build/PoseTranspose/build/lib/PoseTranspose/PoseTransposeNode.py -> /home/leonard/peak_cam_docker_container/PoseTranspose/install/PoseTranspose/lib/python3.8/site-packages/PoseTranspose
copying /home/leonard/peak_cam_docker_container/PoseTranspose/build/PoseTranspose/build/lib/PoseTranspose/__init__.py -> /home/leonard/peak_cam_docker_container/PoseTranspose/install/PoseTranspose/lib/python3.8/site-packages/PoseTranspose
byte-compiling /home/leonard/peak_cam_docker_container/PoseTranspose/install/PoseTranspose/lib/python3.8/site-packages/PoseTranspose/PoseTransposeNode.py to PoseTransposeNode.cpython-38.pyc
byte-compiling /home/leonard/peak_cam_docker_container/PoseTranspose/install/PoseTranspose/lib/python3.8/site-packages/PoseTranspose/__init__.py to __init__.cpython-38.pyc
running install_data
creating /home/leonard/peak_cam_docker_container/PoseTranspose/install/PoseTranspose/share/ament_index
creating /home/leonard/peak_cam_docker_container/PoseTranspose/install/PoseTranspose/share/ament_index/resource_index
creating /home/leonard/peak_cam_docker_container/PoseTranspose/install/PoseTranspose/share/ament_index/resource_index/packages
copying resource/PoseTranspose -> /home/leonard/peak_cam_docker_container/PoseTranspose/install/PoseTranspose/share/ament_index/resource_index/packages
copying package.xml -> /home/leonard/peak_cam_docker_container/PoseTranspose/install/PoseTranspose/share/PoseTranspose
running install_egg_info
Copying build/PoseTranspose/PoseTranspose.egg-info to /home/leonard/peak_cam_docker_container/PoseTranspose/install/PoseTranspose/lib/python3.8/site-packages/PoseTranspose-0.0.0-py3.8.egg-info
running install_scripts
writing list of installed files to '/home/leonard/peak_cam_docker_container/PoseTranspose/build/PoseTranspose/install.log'
