[0.527s] Invoking command in '/home/leonard/peak_cam_docker_container/PoseTranspose': CONDA_PROMPT_MODIFIER=(base) PYTHONPATH=/home/leonard/peak_cam_docker_container/PoseTranspose/build/PoseTranspose/prefix_override:/usr/lib/python3/dist-packages/colcon_core/task/python/colcon_distutils_commands:/home/leonard/peak_cam_docker_container/PoseTranspose/install/PoseTranspose/lib/python3.8/site-packages:${PYTHONPATH} /usr/bin/python3 -W ignore:setup.py install is deprecated setup.py egg_info --egg-base build/PoseTranspose build --build-base /home/leonard/peak_cam_docker_container/PoseTranspose/build/PoseTranspose/build install --record /home/leonard/peak_cam_docker_container/PoseTranspose/build/PoseTranspose/install.log --install-scripts $base/lib/PoseTranspose --single-version-externally-managed install_data
[0.680s] running egg_info
[0.680s] creating build/PoseTranspose/PoseTranspose.egg-info
[0.680s] writing build/PoseTranspose/PoseTranspose.egg-info/PKG-INFO
[0.680s] writing dependency_links to build/PoseTranspose/PoseTranspose.egg-info/dependency_links.txt
[0.680s] writing entry points to build/PoseTranspose/PoseTranspose.egg-info/entry_points.txt
[0.680s] writing requirements to build/PoseTranspose/PoseTranspose.egg-info/requires.txt
[0.680s] writing top-level names to build/PoseTranspose/PoseTranspose.egg-info/top_level.txt
[0.684s] writing manifest file 'build/PoseTranspose/PoseTranspose.egg-info/SOURCES.txt'
[0.705s] reading manifest file 'build/PoseTranspose/PoseTranspose.egg-info/SOURCES.txt'
[0.706s] writing manifest file 'build/PoseTranspose/PoseTranspose.egg-info/SOURCES.txt'
[0.706s] running build
[0.706s] running build_py
[0.706s] creating /home/leonard/peak_cam_docker_container/PoseTranspose/build/PoseTranspose/build
[0.706s] creating /home/leonard/peak_cam_docker_container/PoseTranspose/build/PoseTranspose/build/lib
[0.706s] creating /home/leonard/peak_cam_docker_container/PoseTranspose/build/PoseTranspose/build/lib/PoseTranspose
[0.706s] copying PoseTranspose/PoseTransposeNode.py -> /home/leonard/peak_cam_docker_container/PoseTranspose/build/PoseTranspose/build/lib/PoseTranspose
[0.706s] copying PoseTranspose/__init__.py -> /home/leonard/peak_cam_docker_container/PoseTranspose/build/PoseTranspose/build/lib/PoseTranspose
[0.706s] running install
[0.707s] running install_lib
[0.707s] creating /home/leonard/peak_cam_docker_container/PoseTranspose/install/PoseTranspose/lib/python3.8/site-packages/PoseTranspose
[0.708s] copying /home/leonard/peak_cam_docker_container/PoseTranspose/build/PoseTranspose/build/lib/PoseTranspose/PoseTransposeNode.py -> /home/leonard/peak_cam_docker_container/PoseTranspose/install/PoseTranspose/lib/python3.8/site-packages/PoseTranspose
[0.708s] copying /home/leonard/peak_cam_docker_container/PoseTranspose/build/PoseTranspose/build/lib/PoseTranspose/__init__.py -> /home/leonard/peak_cam_docker_container/PoseTranspose/install/PoseTranspose/lib/python3.8/site-packages/PoseTranspose
[0.708s] byte-compiling /home/leonard/peak_cam_docker_container/PoseTranspose/install/PoseTranspose/lib/python3.8/site-packages/PoseTranspose/PoseTransposeNode.py to PoseTransposeNode.cpython-38.pyc
[0.709s] byte-compiling /home/leonard/peak_cam_docker_container/PoseTranspose/install/PoseTranspose/lib/python3.8/site-packages/PoseTranspose/__init__.py to __init__.cpython-38.pyc
[0.709s] running install_data
[0.709s] creating /home/leonard/peak_cam_docker_container/PoseTranspose/install/PoseTranspose/share/ament_index
[0.710s] creating /home/leonard/peak_cam_docker_container/PoseTranspose/install/PoseTranspose/share/ament_index/resource_index
[0.710s] creating /home/leonard/peak_cam_docker_container/PoseTranspose/install/PoseTranspose/share/ament_index/resource_index/packages
[0.710s] copying resource/PoseTranspose -> /home/leonard/peak_cam_docker_container/PoseTranspose/install/PoseTranspose/share/ament_index/resource_index/packages
[0.710s] copying package.xml -> /home/leonard/peak_cam_docker_container/PoseTranspose/install/PoseTranspose/share/PoseTranspose
[0.710s] running install_egg_info
[0.711s] Copying build/PoseTranspose/PoseTranspose.egg-info to /home/leonard/peak_cam_docker_container/PoseTranspose/install/PoseTranspose/lib/python3.8/site-packages/PoseTranspose-0.0.0-py3.8.egg-info
[0.712s] running install_scripts
[0.728s] writing list of installed files to '/home/leonard/peak_cam_docker_container/PoseTranspose/build/PoseTranspose/install.log'
[0.747s] Invoked command in '/home/leonard/peak_cam_docker_container/PoseTranspose' returned '0': CONDA_PROMPT_MODIFIER=(base) PYTHONPATH=/home/leonard/peak_cam_docker_container/PoseTranspose/build/PoseTranspose/prefix_override:/usr/lib/python3/dist-packages/colcon_core/task/python/colcon_distutils_commands:/home/leonard/peak_cam_docker_container/PoseTranspose/install/PoseTranspose/lib/python3.8/site-packages:${PYTHONPATH} /usr/bin/python3 -W ignore:setup.py install is deprecated setup.py egg_info --egg-base build/PoseTranspose build --build-base /home/leonard/peak_cam_docker_container/PoseTranspose/build/PoseTranspose/build install --record /home/leonard/peak_cam_docker_container/PoseTranspose/build/PoseTranspose/install.log --install-scripts $base/lib/PoseTranspose --single-version-externally-managed install_data
