running egg_info
writing build/PoseTranspose/PoseTranspose.egg-info/PKG-INFO
writing dependency_links to build/PoseTranspose/PoseTranspose.egg-info/dependency_links.txt
writing entry points to build/PoseTranspose/PoseTranspose.egg-info/entry_points.txt
writing requirements to build/PoseTranspose/PoseTranspose.egg-info/requires.txt
writing top-level names to build/PoseTranspose/PoseTranspose.egg-info/top_level.txt
reading manifest file 'build/PoseTranspose/PoseTranspose.egg-info/SOURCES.txt'
writing manifest file 'build/PoseTranspose/PoseTranspose.egg-info/SOURCES.txt'
running build
running build_py
running install
running install_lib
running install_data
copying package.xml -> /home/leonard/peak_cam_docker_container/PoseTranspose/install/PoseTranspose/share/PoseTranspose
running install_egg_info
removing '/home/leonard/peak_cam_docker_container/PoseTranspose/install/PoseTranspose/lib/python3.8/site-packages/PoseTranspose-0.0.0-py3.8.egg-info' (and everything under it)
Copying build/PoseTranspose/PoseTranspose.egg-info to /home/leonard/peak_cam_docker_container/PoseTranspose/install/PoseTranspose/lib/python3.8/site-packages/PoseTranspose-0.0.0-py3.8.egg-info
running install_scripts
Installing PoseTransposeNode script to /home/leonard/peak_cam_docker_container/PoseTranspose/install/PoseTranspose/lib/PoseTranspose
writing list of installed files to '/home/leonard/peak_cam_docker_container/PoseTranspose/build/PoseTranspose/install.log'
